Using pre-set license
Built from '2021.3/staging' branch; Version is '2021.3.4f1 (cb45f9cae8b7) revision 13321721'; Using compiler version '192829333'; Build Type 'Release'
OS: 'Windows 10  (10.0.19043) 64bit Core' Language: 'en' Physical Memory: 16252 MB
BatchMode: 1, IsHumanControllingUs: 0, StartBugReporterOnCrash: 0, Is64bit: 1, IsPro: 1

COMMAND LINE ARGUMENTS:
D:\Programs\Hub\2021.3.4f1\Editor\Unity.exe
-adb2
-batchMode
-noUpm
-name
AssetImportWorker0
-projectPath
D:/Unity Projects1/3D Games/BubkaBirthday
-logFile
Logs/AssetImportWorker0.log
-srvPort
58724
Successfully changed project path to: D:/Unity Projects1/3D Games/BubkaBirthday
D:/Unity Projects1/3D Games/BubkaBirthday
[UnityMemory] Configuration Parameters - Can be set up in boot.config
    "memorysetup-bucket-allocator-granularity=16"
    "memorysetup-bucket-allocator-bucket-count=8"
    "memorysetup-bucket-allocator-block-size=33554432"
    "memorysetup-bucket-allocator-block-count=8"
    "memorysetup-main-allocator-block-size=16777216"
    "memorysetup-thread-allocator-block-size=16777216"
    "memorysetup-gfx-main-allocator-block-size=16777216"
    "memorysetup-gfx-thread-allocator-block-size=16777216"
    "memorysetup-cache-allocator-block-size=4194304"
    "memorysetup-typetree-allocator-block-size=2097152"
    "memorysetup-profiler-bucket-allocator-granularity=16"
    "memorysetup-profiler-bucket-allocator-bucket-count=8"
    "memorysetup-profiler-bucket-allocator-block-size=33554432"
    "memorysetup-profiler-bucket-allocator-block-count=8"
    "memorysetup-profiler-allocator-block-size=16777216"
    "memorysetup-profiler-editor-allocator-block-size=1048576"
    "memorysetup-temp-allocator-size-main=16777216"
    "memorysetup-job-temp-allocator-block-size=2097152"
    "memorysetup-job-temp-allocator-block-size-background=1048576"
    "memorysetup-job-temp-allocator-reduction-small-platforms=262144"
    "memorysetup-temp-allocator-size-background-worker=32768"
    "memorysetup-temp-allocator-size-job-worker=262144"
    "memorysetup-temp-allocator-size-preload-manager=33554432"
    "memorysetup-temp-allocator-size-nav-mesh-worker=65536"
    "memorysetup-temp-allocator-size-audio-worker=65536"
    "memorysetup-temp-allocator-size-cloud-worker=32768"
    "memorysetup-temp-allocator-size-gi-baking-worker=262144"
    "memorysetup-temp-allocator-size-gfx=262144"
Refreshing native plugins compatible for Editor in 98.72 ms, found 3 plugins.
Preloading 0 native plugins for Editor in 0.00 ms.
Initialize engine version: 2021.3.4f1 (cb45f9cae8b7)
[Subsystems] Discovering subsystems at path D:/Programs/Hub/2021.3.4f1/Editor/Data/Resources/UnitySubsystems
[Subsystems] Discovering subsystems at path D:/Unity Projects1/3D Games/BubkaBirthday/Assets
GfxDevice: creating device client; threaded=0; jobified=0
Direct3D:
    Version:  Direct3D 11.0 [level 11.1]
    Renderer: NVIDIA GeForce GTX 1660 Ti (ID=0x2191)
    Vendor:   NVIDIA
    VRAM:     5991 MB
    Driver:   30.0.14.9729
Initialize mono
Mono path[0] = 'D:/Programs/Hub/2021.3.4f1/Editor/Data/Managed'
Mono path[1] = 'D:/Programs/Hub/2021.3.4f1/Editor/Data/MonoBleedingEdge/lib/mono/unityjit-win32'
Mono config path = 'D:/Programs/Hub/2021.3.4f1/Editor/Data/MonoBleedingEdge/etc'
Using monoOptions --debugger-agent=transport=dt_socket,embedding=1,server=y,suspend=n,address=127.0.0.1:56244
Begin MonoManager ReloadAssembly
Registering precompiled unity dll's ...
Register platform support module: D:/Programs/Hub/2021.3.4f1/Editor/Data/PlaybackEngines/WebGLSupport/UnityEditor.WebGL.Extensions.dll
Register platform support module: D:/Programs/Hub/2021.3.4f1/Editor/Data/PlaybackEngines/AndroidPlayer/UnityEditor.Android.Extensions.dll
Register platform support module: D:/Programs/Hub/2021.3.4f1/Editor/Data/PlaybackEngines/WindowsStandaloneSupport/UnityEditor.WindowsStandalone.Extensions.dll
Registered in 0.005886 seconds.
Native extension for WindowsStandalone target not found
Native extension for Android target not found
Native extension for WebGL target not found
Refreshing native plugins compatible for Editor in 91.87 ms, found 3 plugins.
Preloading 0 native plugins for Editor in 0.00 ms.
Mono: successfully reloaded assembly
- Completed reload, in  0.749 seconds
Domain Reload Profiling:
	ReloadAssembly (750ms)
		BeginReloadAssembly (112ms)
			ExecutionOrderSort (0ms)
			DisableScriptedObjects (0ms)
			BackupInstance (0ms)
			ReleaseScriptingObjects (0ms)
			CreateAndSetChildDomain (1ms)
		EndReloadAssembly (526ms)
			LoadAssemblies (113ms)
			RebuildTransferFunctionScriptingTraits (0ms)
			SetupTypeCache (121ms)
			ReleaseScriptCaches (0ms)
			RebuildScriptCaches (36ms)
			SetupLoadedEditorAssemblies (314ms)
				LogAssemblyErrors (0ms)
				InitializePlatformSupportModulesInManaged (57ms)
				SetLoadedEditorAssemblies (0ms)
				RefreshPlugins (92ms)
				BeforeProcessingInitializeOnLoad (1ms)
				ProcessInitializeOnLoadAttributes (107ms)
				ProcessInitializeOnLoadMethodAttributes (56ms)
				AfterProcessingInitializeOnLoad (0ms)
				EditorAssembliesLoaded (0ms)
			ExecutionOrderSort2 (0ms)
			AwakeInstancesAfterBackupRestoration (0ms)
Platform modules already initialized, skipping
Registering precompiled user dll's ...
Registered in 0.006472 seconds.
Begin MonoManager ReloadAssembly
Symbol file LoadedFromMemory doesn't match image D:\Unity Projects1\3D Games\BubkaBirthday\Library\PackageCache\com.unity.visualscripting@1.7.8\Editor\VisualScripting.Core\Dependencies\YamlDotNet\Unity.VisualScripting.YamlDotNet.dll
Symbol file LoadedFromMemory doesn't match image D:\Unity Projects1\3D Games\BubkaBirthday\Library\PackageCache\com.unity.visualscripting@1.7.8\Editor\VisualScripting.Core\Dependencies\DotNetZip\Unity.VisualScripting.IonicZip.dll
Native extension for WindowsStandalone target not found
Native extension for Android target not found
Native extension for WebGL target not found
Refreshing native plugins compatible for Editor in 1.11 ms, found 3 plugins.
Preloading 0 native plugins for Editor in 0.00 ms.
Mono: successfully reloaded assembly
Package Manager log level set to [2]
- Completed reload, in  1.272 seconds
Domain Reload Profiling:
	ReloadAssembly (1273ms)
		BeginReloadAssembly (276ms)
			ExecutionOrderSort (0ms)
			DisableScriptedObjects (10ms)
			BackupInstance (0ms)
			ReleaseScriptingObjects (0ms)
			CreateAndSetChildDomain (132ms)
		EndReloadAssembly (876ms)
			LoadAssemblies (135ms)
			RebuildTransferFunctionScriptingTraits (0ms)
			SetupTypeCache (260ms)
			ReleaseScriptCaches (1ms)
			RebuildScriptCaches (61ms)
			SetupLoadedEditorAssemblies (412ms)
				LogAssemblyErrors (0ms)
				InitializePlatformSupportModulesInManaged (21ms)
				SetLoadedEditorAssemblies (1ms)
				RefreshPlugins (1ms)
				BeforeProcessingInitializeOnLoad (110ms)
				ProcessInitializeOnLoadAttributes (244ms)
				ProcessInitializeOnLoadMethodAttributes (31ms)
				AfterProcessingInitializeOnLoad (4ms)
				EditorAssembliesLoaded (0ms)
			ExecutionOrderSort2 (0ms)
			AwakeInstancesAfterBackupRestoration (6ms)
Platform modules already initialized, skipping
========================================================================
Worker process is ready to serve import requests
Launched and connected shader compiler UnityShaderCompiler.exe after 0.08 seconds
Refreshing native plugins compatible for Editor in 0.69 ms, found 3 plugins.
Preloading 0 native plugins for Editor in 0.00 ms.
Unloading 3487 Unused Serialized files (Serialized files now loaded: 0)
Unloading 41 unused Assets / (86.7 KB). Loaded Objects now: 3932.
Memory consumption went from 120.7 MB to 120.6 MB.
Total: 4.992400 ms (FindLiveObjects: 0.321300 ms CreateObjectMapping: 0.258400 ms MarkObjects: 4.302100 ms  DeleteObjects: 0.109400 ms)

AssetImportParameters requested are different than current active one (requested -> active):
  custom:video-decoder-ogg-theora: a1e56fd34408186e4bbccfd4996cb3dc -> 
  custom:container-muxer-webm: aa71ff27fc2769a1b78a27578f13a17b -> 
  custom:container-demuxer-webm: 4f35f7cbe854078d1ac9338744f61a02 -> 
  custom:video-encoder-webm-vp8: eb34c28f22e8b96e1ab97ce403110664 -> 
  custom:audio-encoder-webm-vorbis: bf7c407c2cedff20999df2af8eb42d56 -> 
  custom:framework-win-MediaFoundation: 216162199b28c13a410421893ffa2e32 -> 
  custom:container-demuxer-ogg: 62fdf1f143b41e24485cea50d1cbac27 -> 
  custom:video-decoder-webm-vp8: 9c59270c3fd7afecdb556c50c9e8de78 -> 
  custom:audio-decoder-ogg-vorbis: bf7c407c2cedff20999df2af8eb42d56 -> 
========================================================================
Received Import Request.
  Time since last request: 332239.402355 seconds.
  path: Assets/Content/ArisaNew/Prefabs/Arisa.prefab
  artifactKey: Guid(ed2908b5df9f6fd4891905c2e119ee0b) Importer(815301076,1909f56bfc062723c751e8b465ee728b)
Start importing Assets/Content/ArisaNew/Prefabs/Arisa.prefab using Guid(ed2908b5df9f6fd4891905c2e119ee0b) Importer(815301076,1909f56bfc062723c751e8b465ee728b)  -> (artifact id: '3a3ee41ba0727fe4cd8120ef3199988a') in 0.746396 seconds 
========================================================================
Received Import Request.
  Time since last request: 3.991742 seconds.
  path: Assets/Content/ArisaNew/Prefabs/Arisa.prefab
  artifactKey: Guid(ed2908b5df9f6fd4891905c2e119ee0b) Importer(815301076,1909f56bfc062723c751e8b465ee728b)
Start importing Assets/Content/ArisaNew/Prefabs/Arisa.prefab using Guid(ed2908b5df9f6fd4891905c2e119ee0b) Importer(815301076,1909f56bfc062723c751e8b465ee728b)  -> (artifact id: '73b20e9fde7c8ce1adef1553749630f0') in 0.352832 seconds 
========================================================================
Received Import Request.
  Time since last request: 40.860885 seconds.
  path: Assets/Content/ArisaNew/_FBX/Arisa.fbx
  artifactKey: Guid(41efc1acc0e5d504f9d1471a415f42e3) Importer(815301076,1909f56bfc062723c751e8b465ee728b)
Start importing Assets/Content/ArisaNew/_FBX/Arisa.fbx using Guid(41efc1acc0e5d504f9d1471a415f42e3) Importer(815301076,1909f56bfc062723c751e8b465ee728b)  -> (artifact id: '6a37d548b60f12499ca947e160f79308') in 0.272876 seconds 
========================================================================
Received Import Request.
  Time since last request: 277.047796 seconds.
  path: Assets/Content/ArisaNew/_FBX/Arisa.fbx
  artifactKey: Guid(41efc1acc0e5d504f9d1471a415f42e3) Importer(815301076,1909f56bfc062723c751e8b465ee728b)
Start importing Assets/Content/ArisaNew/_FBX/Arisa.fbx using Guid(41efc1acc0e5d504f9d1471a415f42e3) Importer(815301076,1909f56bfc062723c751e8b465ee728b)  -> (artifact id: '8dae3fd75360a5fc93bedee76ea95deb') in 0.234822 seconds 
========================================================================
Received Import Request.
  Time since last request: 38.171623 seconds.
  path: Assets/Content/ArisaNew/_FBX/Arisa@Arms Hip Hop Dance.fbx
  artifactKey: Guid(afc2c62b5a5e40b4b913c13af99292e4) Importer(815301076,1909f56bfc062723c751e8b465ee728b)
Start importing Assets/Content/ArisaNew/_FBX/Arisa@Arms Hip Hop Dance.fbx using Guid(afc2c62b5a5e40b4b913c13af99292e4) Importer(815301076,1909f56bfc062723c751e8b465ee728b)  -> (artifact id: 'a1f8e4f78e0b67f6156ca21c516cb454') in 0.306375 seconds 
========================================================================
Received Import Request.
  Time since last request: 6.584898 seconds.
  path: Assets/Content/ArisaNew/_FBX/Arisa.fbx
  artifactKey: Guid(41efc1acc0e5d504f9d1471a415f42e3) Importer(815301076,1909f56bfc062723c751e8b465ee728b)
Start importing Assets/Content/ArisaNew/_FBX/Arisa.fbx using Guid(41efc1acc0e5d504f9d1471a415f42e3) Importer(815301076,1909f56bfc062723c751e8b465ee728b)  -> (artifact id: '4979fe4adad85cbe5a8754d8816faa24') in 0.256233 seconds 
========================================================================
Received Import Request.
  Time since last request: 43.104593 seconds.
  path: Assets/Content/ArisaNew/_FBX
  artifactKey: Guid(e36731afd84800a4a9bb523ab19a6634) Importer(815301076,1909f56bfc062723c751e8b465ee728b)
Start importing Assets/Content/ArisaNew/_FBX using Guid(e36731afd84800a4a9bb523ab19a6634) Importer(815301076,1909f56bfc062723c751e8b465ee728b)  -> (artifact id: 'a4b19794efcf3bd811e780cd91bc63b1') in 0.006850 seconds 
========================================================================
Received Import Request.
  Time since last request: 4.835121 seconds.
  path: Assets/Content/ArisaNew/_FBX/Mixamo
  artifactKey: Guid(d12841c58929b0c46a43cf5b9f052431) Importer(815301076,1909f56bfc062723c751e8b465ee728b)
Start importing Assets/Content/ArisaNew/_FBX/Mixamo using Guid(d12841c58929b0c46a43cf5b9f052431) Importer(815301076,1909f56bfc062723c751e8b465ee728b)  -> (artifact id: '3396ee75cb73eb0a703bef6b12fabccb') in 0.006185 seconds 
========================================================================
Received Import Request.
  Time since last request: 17.220948 seconds.
  path: Assets/Content/ArisaNew/_FBX/Mixamo/Arisa@Arms Hip Hop Dance.fbx
  artifactKey: Guid(afc2c62b5a5e40b4b913c13af99292e4) Importer(815301076,1909f56bfc062723c751e8b465ee728b)
Start importing Assets/Content/ArisaNew/_FBX/Mixamo/Arisa@Arms Hip Hop Dance.fbx using Guid(afc2c62b5a5e40b4b913c13af99292e4) Importer(815301076,1909f56bfc062723c751e8b465ee728b)  -> (artifact id: '2b49b8c1d62d4ae459d3af687f7b42ea') in 0.256002 seconds 
========================================================================
Received Import Request.
  Time since last request: 326.354634 seconds.
  path: Assets/Content/ArisaNew/_VRM
  artifactKey: Guid(da8b7b549be457b479c1389f0418dcc4) Importer(815301076,1909f56bfc062723c751e8b465ee728b)
Start importing Assets/Content/ArisaNew/_VRM using Guid(da8b7b549be457b479c1389f0418dcc4) Importer(815301076,1909f56bfc062723c751e8b465ee728b)  -> (artifact id: '29c2aeb62c122bc72cfa82b8f2494c3c') in 0.005401 seconds 
